This is pdfTeX, Version 3.141592653-2.6-1.40.25 (TeX Live 2023) (preloaded format=pdflatex 2024.7.25)  5 OCT 2024 18:08
entering extended mode
 \write18 enabled.
 file:line:error style messages enabled.
 %&-line parsing enabled.
**BufferStockTheory.tex
(./BufferStockTheory.tex
LaTeX2e <2023-11-01> patch level 1
L3 programming layer <2024-02-20>
(./@resources/tex-add-search-paths.tex) (./.econtexRoot.tex)
(./@resources/texlive/texmf-local/tex/latex/econark.cls

LaTeX Warning: You have requested document class `@resources/texlive/texmf-loca
l/tex/latex/econark',
               but the document class provides `econark'.

Document Class: econark 2024/06/04 LaTeX class for econark latex documents by C
hristopher Carroll
(./snapshot.sty
Package: snapshot 2020/06/17 v2.14
) (./ifthen.sty
Package: ifthen 2022/04/13 v1.1d Standard LaTeX ifthen package (DPC)
) (./changepage.sty
Package: changepage 2009/10/20 v1.0c check page and change page layout
\c@cp@cntr=\count188
\cp@tempcnt=\count189
) (./currfile.sty
Package: currfile 2022/10/10 v0.8 Provides the file path elements of the curren
t input file

(./kvoptions.sty
Package: kvoptions 2022-06-15 v3.15 Key value format for package options (HO)
 (./keyval.sty
Package: keyval 2022/05/29 v1.15 key=value parser (DPC)
\KV@toks@=\toks17
) (./ltxcmds.sty
Package: ltxcmds 2023-12-04 v1.26 LaTeX kernel commands for general use (HO)
) (./kvsetkeys.sty
Package: kvsetkeys 2022-10-05 v1.19 Key value parser (HO)
))
(./filehook.sty
Package: filehook 2022/10/25 v0.8b Hooks for input files
 (./filehook-2020.sty
Package: filehook-2020 2022/10/25 v0.8b Hooks for input files
))
\c@currfiledepth=\count190
)
\c@IncludeTitlePage=\count191
 (./scrartcl.cls
Document Class: scrartcl 2023/07/07 v3.41 KOMA-Script document class (article)
(./scrkbase.sty
Package: scrkbase 2023/07/07 v3.41 KOMA-Script package (KOMA-Script-dependent b
asics and keyval usage)
 (./scrbase.sty
Package: scrbase 2023/07/07 v3.41 KOMA-Script package (KOMA-Script-independent 
basics and keyval usage)
 (./scrlfile.sty
Package: scrlfile 2023/07/07 v3.41 KOMA-Script package (file load hooks)
 (./scrlfile-hook.sty
Package: scrlfile-hook 2023/07/07 v3.41 KOMA-Script package (using LaTeX hooks)


(./scrlogo.sty
Package: scrlogo 2023/07/07 v3.41 KOMA-Script package (logo)
)))
Applying: [2021/05/01] Usage of raw or classic option list on input line 252.
Already applied: [0000/00/00] Usage of raw or classic option list on input line
 368.
)) (./tocbasic.sty
Package: tocbasic 2023/07/07 v3.41 KOMA-Script package (handling toc-files)
\scr@dte@tocline@numberwidth=\skip48
\scr@dte@tocline@numbox=\box51
)
Package tocbasic Info: omitting babel extension for `toc'
(tocbasic)             because of feature `nobabel' available
(tocbasic)             for `toc' on input line 133.
Class scrartcl Info: File `scrsize12pt.clo' used to setup font sizes on input l
ine 2441.
 (./scrsize12pt.clo
File: scrsize12pt.clo 2023/07/07 v3.41 KOMA-Script font size class option (12pt
)
) (./typearea.sty
Package: typearea 2023/07/07 v3.41 KOMA-Script package (type area)
\ta@bcor=\skip49
\ta@div=\count192
\ta@hblk=\skip50
\ta@vblk=\skip51
\ta@temp=\skip52
\footheight=\skip53
Package typearea Info: These are the values describing the layout:
(typearea)             DIV  = 12
(typearea)             BCOR = 0.0pt
(typearea)             \paperwidth      = 597.50793pt
(typearea)              \textwidth      = 448.13095pt
(typearea)              DIV departure   = -6%
(typearea)              \evensidemargin = 2.4185pt
(typearea)              \oddsidemargin  = 2.4185pt
(typearea)             \paperheight     = 845.04694pt
(typearea)              \textheight     = 635.5pt
(typearea)              \topmargin      = -41.72441pt
(typearea)              \headheight     = 18.125pt
(typearea)              \headsep        = 21.75pt
(typearea)              \topskip        = 12.0pt
(typearea)              \footskip       = 50.75pt
(typearea)              \baselineskip   = 14.5pt
(typearea)              on input line 1799.
)
\c@part=\count193
\c@section=\count194
\c@subsection=\count195
\c@subsubsection=\count196
\c@paragraph=\count197
\c@subparagraph=\count198
\scr@dte@section@maxnumwidth=\skip54
Class scrartcl Info: using compatibility default `runin=bysign'
(scrartcl)           for `\section on input line 5082.
Class scrartcl Info: using compatibility default `afterindent=bysign'
(scrartcl)           for `\section on input line 5082.
\scr@dte@part@maxnumwidth=\skip55
Class scrartcl Info: using compatibility default `afterindent=false'
(scrartcl)           for `\part on input line 5090.
\scr@dte@subsection@maxnumwidth=\skip56
Class scrartcl Info: using compatibility default `runin=bysign'
(scrartcl)           for `\subsection on input line 5100.
Class scrartcl Info: using compatibility default `afterindent=bysign'
(scrartcl)           for `\subsection on input line 5100.
\scr@dte@subsubsection@maxnumwidth=\skip57
Class scrartcl Info: using compatibility default `runin=bysign'
(scrartcl)           for `\subsubsection on input line 5110.
Class scrartcl Info: using compatibility default `afterindent=bysign'
(scrartcl)           for `\subsubsection on input line 5110.
\scr@dte@paragraph@maxnumwidth=\skip58
Class scrartcl Info: using compatibility default `runin=bysign'
(scrartcl)           for `\paragraph on input line 5121.
Class scrartcl Info: using compatibility default `afterindent=bysign'
(scrartcl)           for `\paragraph on input line 5121.
\scr@dte@subparagraph@maxnumwidth=\skip59
Class scrartcl Info: using compatibility default `runin=bysign'
(scrartcl)           for `\subparagraph on input line 5131.
Class scrartcl Info: using compatibility default `afterindent=bysign'
(scrartcl)           for `\subparagraph on input line 5131.
\abovecaptionskip=\skip60
\belowcaptionskip=\skip61
\c@pti@nb@sid@b@x=\box52
Package tocbasic Info: omitting babel extension for `lof'
(tocbasic)             because of feature `nobabel' available
(tocbasic)             for `lof' on input line 6309.
\scr@dte@figure@maxnumwidth=\skip62
\c@figure=\count199
Package tocbasic Info: omitting babel extension for `lot'
(tocbasic)             because of feature `nobabel' available
(tocbasic)             for `lot' on input line 6325.
\scr@dte@table@maxnumwidth=\skip63
\c@table=\count266
Class scrartcl Info: Redefining `\numberline' on input line 6495.
\bibindent=\dimen140
)
(./fontenc.sty
Package: fontenc 2021/04/29 v2.0v Standard LaTeX package
) (./babel.sty
Package: babel 2024/02/07 v24.2 The Babel package
\babel@savecnt=\count267
\U@D=\dimen141
\l@unhyphenated=\language87
 (./txtbabel.def)
\bbl@readstream=\read2
\bbl@dirlevel=\count268
 (./english.ldf
Language: english 2017/06/06 v3.3r English support from the babel system
Package babel Info: Hyphen rules for 'canadian' set to \l@english
(babel)             (\language0). Reported on input line 102.
Package babel Info: Hyphen rules for 'australian' set to \l@ukenglish
(babel)             (\language21). Reported on input line 105.
Package babel Info: Hyphen rules for 'newzealand' set to \l@ukenglish
(babel)             (\language21). Reported on input line 108.
))
(/usr/local/texlive/texmf-dist/tex/generic/babel/locale/en/babel-english.tex
Package babel Info: Importing font and identification data for english
(babel)             from babel-en.ini. Reported on input line 11.
)
(./amsmath.sty
Package: amsmath 2023/05/13 v2.17o AMS math features
\@mathmargin=\skip64

For additional information on amsmath, use the `?' option.
(./amstext.sty
Package: amstext 2021/08/26 v2.01 AMS text
 (./amsgen.sty
File: amsgen.sty 1999/11/30 v2.0 generic functions
\@emptytoks=\toks18
\ex@=\dimen142
)) (./amsbsy.sty
Package: amsbsy 1999/11/29 v1.2d Bold Symbols
\pmbraise@=\dimen143
) (./amsopn.sty
Package: amsopn 2022/04/08 v2.04 operator names
)
\inf@bad=\count269
LaTeX Info: Redefining \frac on input line 234.
\uproot@=\count270
\leftroot@=\count271
LaTeX Info: Redefining \overline on input line 399.
LaTeX Info: Redefining \colon on input line 410.
\classnum@=\count272
\DOTSCASE@=\count273
LaTeX Info: Redefining \ldots on input line 496.
LaTeX Info: Redefining \dots on input line 499.
LaTeX Info: Redefining \cdots on input line 620.
\Mathstrutbox@=\box53
\strutbox@=\box54
LaTeX Info: Redefining \big on input line 722.
LaTeX Info: Redefining \Big on input line 723.
LaTeX Info: Redefining \bigg on input line 724.
LaTeX Info: Redefining \Bigg on input line 725.
\big@size=\dimen144
LaTeX Font Info:    Redeclaring font encoding OML on input line 743.
LaTeX Font Info:    Redeclaring font encoding OMS on input line 744.
\macc@depth=\count274
LaTeX Info: Redefining \bmod on input line 905.
LaTeX Info: Redefining \pmod on input line 910.
LaTeX Info: Redefining \smash on input line 940.
LaTeX Info: Redefining \relbar on input line 970.
LaTeX Info: Redefining \Relbar on input line 971.
\c@MaxMatrixCols=\count275
\dotsspace@=\muskip16
\c@parentequation=\count276
\dspbrk@lvl=\count277
\tag@help=\toks19
\row@=\count278
\column@=\count279
\maxfields@=\count280
\andhelp@=\toks20
\eqnshift@=\dimen145
\alignsep@=\dimen146
\tagshift@=\dimen147
\tagwidth@=\dimen148
\totwidth@=\dimen149
\lineht@=\dimen150
\@envbody=\toks21
\multlinegap=\skip65
\multlinetaggap=\skip66
\mathdisplay@stack=\toks22
LaTeX Info: Redefining \[ on input line 2953.
LaTeX Info: Redefining \] on input line 2954.
) (./amssymb.sty
Package: amssymb 2013/01/14 v3.01 AMS font symbols

(./amsfonts.sty
Package: amsfonts 2013/01/14 v3.01 Basic AMSFonts support
\symAMSa=\mathgroup4
\symAMSb=\mathgroup5
LaTeX Font Info:    Redeclaring math symbol \hbar on input line 98.
LaTeX Font Info:    Overwriting math alphabet `\mathfrak' in version `bold'
(Font)                  U/euf/m/n --> U/euf/b/n on input line 106.
)) (./amsthm.sty
Package: amsthm 2020/05/29 v2.20.6
\thm@style=\toks23
\thm@bodyfont=\toks24
\thm@headfont=\toks25
\thm@notefont=\toks26
\thm@headpunct=\toks27
\thm@preskip=\skip67
\thm@postskip=\skip68
\thm@headsep=\skip69
\dth@everypar=\toks28
) (./xpatch.sty (./expl3.sty
Package: expl3 2024-02-20 L3 programming layer (loader) 

(./l3backend-pdftex.def
File: l3backend-pdftex.def 2024-02-20 L3 backend support: PDF output (pdfTeX)
\l__color_backend_stack_int=\count281
\l__pdf_internal_box=\box55
))
Package: xpatch 2020/03/25 v0.3a Extending etoolbox patching commands
 (./xparse.sty
Package: xparse 2024-02-18 L3 Experimental document command parser
) (./etoolbox.sty
Package: etoolbox 2020/10/05 v2.5k e-TeX tools for LaTeX (JAW)
\etb@tempcnta=\count282
))
Class scrartcl Info: amsthm's \deferred@thm@head patched.
 (./cancel.sty
Package: cancel 2013/04/12 v2.2 Cancel math terms
)
(./verbatim.sty
Package: verbatim 2023-11-06 v1.5v LaTeX2e package for verbatim enhancements
\every@verbatim=\toks29
\verbatim@line=\toks30
\verbatim@in@stream=\read3
) (./dcolumn.sty
Package: dcolumn 2023/07/08 v1.06 decimal alignment package (DPC)
 (./array.sty
Package: array 2023/10/16 v2.5g Tabular extension package (FMi)
\col@sep=\dimen151
\ar@mcellbox=\box56
\extrarowheight=\dimen152
\NC@list=\toks31
\extratabsurround=\skip70
\backup@length=\skip71
\ar@cellbox=\box57
)) (./hhline.sty
Package: hhline 2020/01/04 v2.04 Table rule package (DPC)
) (./xcolor.sty
Package: xcolor 2023/11/15 v3.01 LaTeX color extensions (UK)

(./color.cfg
File: color.cfg 2016/01/02 v1.6 sample color configuration
)
Package xcolor Info: Driver file: pdftex.def on input line 274.
 (./pdftex.def
File: pdftex.def 2022/09/22 v1.2b Graphics/color driver for pdftex
) (./mathcolor.ltx)
Package xcolor Info: Model `cmy' substituted by `cmy0' on input line 1350.
Package xcolor Info: Model `hsb' substituted by `rgb' on input line 1354.
Package xcolor Info: Model `RGB' extended on input line 1366.
Package xcolor Info: Model `HTML' substituted by `rgb' on input line 1368.
Package xcolor Info: Model `Hsb' substituted by `hsb' on input line 1369.
Package xcolor Info: Model `tHsb' substituted by `hsb' on input line 1370.
Package xcolor Info: Model `HSB' substituted by `hsb' on input line 1371.
Package xcolor Info: Model `Gray' substituted by `gray' on input line 1372.
Package xcolor Info: Model `wave' substituted by `hsb' on input line 1373.
) (./accents.sty
Package: accents 2006/05/12 v1.4 Math Accent Tools
\cc@skew=\dimen153
\cc@wd=\dimen154
\cc@code=\count283
\cc@group=\count284
\cc@skewchar=\count285
) (./appendix.sty
Package: appendix 2020/02/08 v1.2c extra appendix facilities
\c@@pps=\count286
\c@@ppsavesec=\count287
\c@@ppsaveapp=\count288
) (./datetime2.sty
Package: datetime2 2021/03/21 v1.5.7 (NLCT) date and time formats
 (./tracklang.sty
Package: tracklang 2022/12/13 v1.6.1 (NLCT) Track Languages
 (./tracklang.tex)) (./xkeyval.sty
Package: xkeyval 2022/06/16 v2.9 package option processing (HA)

(./xkeyval.tex (./xkvutils.tex
\XKV@toks=\toks32
\XKV@tempa@toks=\toks33
)
\XKV@depth=\count289
File: xkeyval.tex 2014/12/03 v2.7a key=value parser (HA)
)) (./datetime2-english.ldf
File: datetime2-english.ldf 2019/10/21 v1.05 (NLCT)

(./datetime2-english-base.ldf
File: datetime2-english-base.ldf 2019/10/21 v1.05 (NLCT)
))) (./eucal.sty
Package: eucal 2009/06/22 v3.00 Euler Script fonts
LaTeX Font Info:    Overwriting math alphabet `\EuScript' in version `bold'
(Font)                  U/eus/m/n --> U/eus/b/n on input line 33.
) (./url.sty
\Urlmuskip=\muskip17
Package: url 2013/09/16  ver 3.4  Verb mode for urls, etc.
) (./optional.sty
Package: optional 2005/01/26 ver 2.2b;  Optional inclusion/omission
)
Using optional text marked with econtex. 
(./natbib.sty
Package: natbib 2010/09/13 8.31b (PWD, AO)
\bibhang=\skip72
\bibsep=\skip73
LaTeX Info: Redefining \cite on input line 694.
\c@NAT@ctr=\count290
) (./footmisc.sty
Package: footmisc 2023/07/05 v6.0f a miscellany of footnote facilities
\FN@temptoken=\toks34
\footnotemargin=\dimen155
\@outputbox@depth=\dimen156
Package footmisc Info: Declaring symbol style bringhurst on input line 696.
Package footmisc Info: Declaring symbol style chicago on input line 704.
Package footmisc Info: Declaring symbol style wiley on input line 713.
Package footmisc Info: Declaring symbol style lamport-robust on input line 724.

Package footmisc Info: Declaring symbol style lamport* on input line 744.
Package footmisc Info: Declaring symbol style lamport*-robust on input line 765
.
) (./manyfoot.sty
Package: manyfoot 2019/08/03 v1.11 Many Footnote Levels Package (NCC)
 (./nccfoots.sty
Package: nccfoots 2005/02/03 v1.2 NCC Footnotes Package (NCC)
)
\MFL@columnwidth=\dimen157
)
(./perpage.sty
Package: perpage 2014/10/25 2.0 Reset/sort counters per page
\c@abspage=\count291
)
Package footmisc Info: Declaring symbol style blank on input line 273.
\footinsB=\insert252
\c@footnoteB=\count292
\c@pp@a@footnoteB=\count293
 (./setspace.sty
Package: setspace 2022/12/04 v6.7b set line spacing
)
\c@authornum=\count294
\c@bottomauthor=\count295
)
(./@resources/texlive/texmf-local/tex/latex/econark-labelsafe.sty

LaTeX Warning: You have requested package `@resources/texlive/texmf-local/tex/l
atex/econark-labelsafe',
               but the package provides `econark-labelsafe'.

Package: econark-labelsafe 2023/06/09 v1.0 Safe label creation
) (./refcount.sty
Package: refcount 2019/12/15 v3.6 Data extraction from label references (HO)
 (./infwarerr.sty
Package: infwarerr 2019/12/03 v1.5 Providing info/warning/error messages (HO)
)) (./subfiles.sty
Package: subfiles 2020/11/14 v2.2 Multi-file projects (package)
 (./import.sty
Package: import 2020/04/01  v 6.2
))
(./@resources/texlive/texmf-local/tex/latex/econark-ifsubfile.sty

LaTeX Warning: You have requested package `@resources/texlive/texmf-local/tex/l
atex/econark-ifsubfile',
               but the package provides `econark-ifsubfile'.

Package: econark-ifsubfile 2023/06/14 Define ifsubfile condition
in subfile
) (./@local/owner.sty) (./@resources/texlive/texmf-local/tex/latex/econark.sty
(./@resources/texlive/texmf-local/tex/latex/econark-ark-required.sty
(./wasysym.sty
Package: wasysym 2020/01/19 v2.4 Wasy-2 symbol support package
\symwasy=\mathgroup6
LaTeX Font Info:    Overwriting symbol font `wasy' in version `bold'
(Font)                  U/wasy/m/n --> U/wasy/b/n on input line 93.
) (./moreverb.sty
Package: moreverb 2008/06/03 v2.3a `more' verbatim facilities
\tab@position=\count296
\tab@size=\count297
\listing@line=\count298
)))
(./@resources/texlive/texmf-local/tex/latex/econark-shortcuts.sty)
(./@resources/texlive/texmf-local/tex/latex/econark-theorems.sty
\c@claim=\count299
\c@proposition=\count300
\c@corollary=\count301
\c@fact=\count302
\c@remark=\count303
)
(./@resources/texlive/texmf-local/tex/latex/econark-multibib.sty

LaTeX Warning: You have requested package `@resources/texlive/texmf-local/tex/l
atex/econark-multibib',
               but the package provides `econark-multibib'.

Package: econark-multibib 2024/06/08 Supports system.bib and filename-Add-Refs.
bib
\filetest=\read4
) (./@resources/texlive/texmf-local/tex/latex/econark-bibstandalone.sty

LaTeX Warning: You have requested package `@resources/texlive/texmf-local/tex/l
atex/econark-bibstandalone',
               but the package provides `econark-bibstandalone'.

Package: econark-bibstandalone 2023/06/01 EconArk Bibliography Standalone Packa
ge
) (./hyperref.sty
Package: hyperref 2024-01-20 v7.01h Hypertext links for LaTeX
 (./iftex.sty
Package: iftex 2022/02/03 v1.0f TeX engine tests
) (./kvdefinekeys.sty
Package: kvdefinekeys 2019-12-19 v1.6 Define keys (HO)
) (./pdfescape.sty
Package: pdfescape 2019/12/09 v1.15 Implements pdfTeX's escape features (HO)

(./pdftexcmds.sty
Package: pdftexcmds 2020-06-27 v0.33 Utility functions of pdfTeX for LuaTeX (HO
)
Package pdftexcmds Info: \pdf@primitive is available.
Package pdftexcmds Info: \pdf@ifprimitive is available.
Package pdftexcmds Info: \pdfdraftmode found.
)) (./hycolor.sty
Package: hycolor 2020-01-27 v1.10 Color options for hyperref/bookmark (HO)
) (./auxhook.sty
Package: auxhook 2019-12-17 v1.6 Hooks for auxiliary files (HO)
) (./nameref.sty
Package: nameref 2023-11-26 v2.56 Cross-referencing by name of section

(./gettitlestring.sty
Package: gettitlestring 2019/12/15 v1.6 Cleanup title references (HO)
)
\c@section@level=\count304
)
\@linkdim=\dimen158
\Hy@linkcounter=\count305
\Hy@pagecounter=\count306
 (./pd1enc.def
File: pd1enc.def 2024-01-20 v7.01h Hyperref: PDFDocEncoding definition (HO)
Now handling font encoding PD1 ...
... no UTF-8 mapping file for font encoding PD1
) (./intcalc.sty
Package: intcalc 2019/12/15 v1.3 Expandable calculations with integers (HO)
)
\Hy@SavedSpaceFactor=\count307
 (./puenc.def
File: puenc.def 2024-01-20 v7.01h Hyperref: PDF Unicode definition (HO)
Now handling font encoding PU ...
... no UTF-8 mapping file for font encoding PU
)
Package hyperref Info: Hyper figures OFF on input line 4179.
Package hyperref Info: Link nesting OFF on input line 4184.
Package hyperref Info: Hyper index ON on input line 4187.
Package hyperref Info: Plain pages OFF on input line 4194.
Package hyperref Info: Backreferencing OFF on input line 4199.
Package hyperref Info: Implicit mode ON; LaTeX internals redefined.
Package hyperref Info: Bookmarks ON on input line 4446.
\c@Hy@tempcnt=\count308
LaTeX Info: Redefining \url on input line 4784.
\XeTeXLinkMargin=\dimen159

(./bitset.sty
Package: bitset 2019/12/09 v1.3 Handle bit-vector datatype (HO)
 (./bigintcalc.sty
Package: bigintcalc 2019/12/15 v1.5 Expandable calculations on big integers (HO
)
))
\Fld@menulength=\count309
\Field@Width=\dimen160
\Fld@charsize=\dimen161
Package hyperref Info: Hyper figures OFF on input line 6063.
Package hyperref Info: Link nesting OFF on input line 6068.
Package hyperref Info: Hyper index ON on input line 6071.
Package hyperref Info: backreferencing OFF on input line 6078.
Package hyperref Info: Link coloring OFF on input line 6083.
Package hyperref Info: Link coloring with OCG OFF on input line 6088.
Package hyperref Info: PDF/A mode OFF on input line 6093.
 (./atbegshi-ltx.sty
Package: atbegshi-ltx 2021/01/10 v1.0c Emulation of the original atbegshi
package with kernel methods
)
\Hy@abspage=\count310
\c@Item=\count311
\c@Hfootnote=\count312
)
Package hyperref Info: Driver (autodetected): hpdftex.
 (./hpdftex.def
File: hpdftex.def 2024-01-20 v7.01h Hyperref driver for pdfTeX

(./atveryend-ltx.sty
Package: atveryend-ltx 2020/08/19 v1.0a Emulation of the original atveryend pac
kage
with kernel methods
)
\Fld@listcount=\count313
\c@bookmark@seq@number=\count314
 (./rerunfilecheck.sty
Package: rerunfilecheck 2022-07-10 v1.10 Rerun checks for auxiliary files (HO)
 (./uniquecounter.sty
Package: uniquecounter 2019/12/15 v1.4 Provide unlimited unique counter (HO)
)
Package uniquecounter Info: New unique counter `rerunfilecheck' on input line 2
85.
)
\Hy@SectionHShift=\skip74
)
(./scrlayer-scrpage.sty
Package: scrlayer-scrpage 2023/07/07 v3.41 KOMA-Script package (end user interf
ace for scrlayer)
 (./scrlayer.sty
Package: scrlayer 2023/07/07 v3.41 KOMA-Script package (defining layers and pag
e styles)
Package scrlayer Info: patching LaTeX kernel macro \pagestyle on input line 218
3.
)
Package scrlayer-scrpage Info: Makeing stand-alone element `pagehead' from
(scrlayer-scrpage)             alias to `pageheadfoot' on input line 1106.
) (./caption.sty
Package: caption 2023/08/05 v3.6o Customizing captions (AR)
 (./caption3.sty
Package: caption3 2023/07/31 v2.4d caption3 kernel (AR)
\caption@tempdima=\dimen162
\captionmargin=\dimen163
\caption@leftmargin=\dimen164
\caption@rightmargin=\dimen165
\caption@width=\dimen166
\caption@indent=\dimen167
\caption@parindent=\dimen168
\caption@hangindent=\dimen169
Package caption Info: KOMA-Script document class detected.

(./caption-koma.sto
File: caption-koma.sto 2023/09/08 v2.0e Adaption of the caption package to the 
KOMA-Script document classes (AR)
))
\c@caption@flags=\count315
\c@continuedfloat=\count316
Package caption Info: changepage package is loaded.
\caption@adjustwidth@hsize=\dimen170
\caption@adjustwidth@linewidth=\dimen171
Package caption Info: hyperref package is loaded.
Package caption Info: KOMA-Script scrextend package detected.
\caption@addmargin@hsize=\dimen172
\caption@addmargin@linewidth=\dimen173
) (./enumitem.sty
Package: enumitem 2019/06/20 v3.9 Customized lists
\labelindent=\skip75
\enit@outerparindent=\dimen174
\enit@toks=\toks35
\enit@inbox=\box58
\enit@count@id=\count317
\enitdp@description=\count318
)
\c@assumptionL=\count319
\c@assumptionS=\count320
\c@assumptionI=\count321
 (./showlabels.sty
Package: showlabels 2022/07/18 v1.9.2

Package: `showlabels' v1.9.2 <2022/07/18>
with amsmath equation tags
\SL@labelposition=\count322
) (./@local/BufferStockTheory.sty (./pdfsuppressruntime.sty (./ifxetex.sty
Package: ifxetex 2019/10/25 v0.7 ifxetex legacy package. Use iftex instead.
))
(./ulem.sty
\UL@box=\box59
\UL@hyphenbox=\box60
\UL@skip=\skip76
\UL@hook=\toks36
\UL@height=\dimen175
\UL@pe=\count323
\UL@pixel=\dimen176
\ULC@box=\box61
Package: ulem 2019/11/18
\ULdepth=\dimen177
) (./multirow.sty
Package: multirow 2021/03/15 v2.8 Span multiple rows of a table
\multirow@colwidth=\skip77
\multirow@cntb=\count324
\multirow@dima=\skip78
\bigstrutjot=\dimen178
)
\TblBox=\box62
\TblShrunk=\skip79
\TblShrunkBox=\box63
 (./xr-hyper.sty
Package: xr-hyper 2024-01-20 v7.01h eXternal References (DPC)
) (./rotating.sty
Package: rotating 2016/08/11 v2.16d rotated objects in LaTeX
 (./graphicx.sty
Package: graphicx 2021/09/16 v1.2d Enhanced LaTeX Graphics (DPC,SPQR)

(./graphics.sty
Package: graphics 2022/03/10 v1.4e Standard LaTeX Graphics (DPC,SPQR)
 (./trig.sty
Package: trig 2021/08/11 v1.11 sin cos tan (DPC)
) (./graphics.cfg
File: graphics.cfg 2016/06/04 v1.11 sample graphics configuration
)
Package graphics Info: Driver file: pdftex.def on input line 107.
)
\Gin@req@height=\dimen179
\Gin@req@width=\dimen180
)
\c@r@tfl@t=\count325
\rotFPtop=\skip80
\rotFPbot=\skip81
\rot@float@box=\box64
\rot@mess@toks=\toks37
) (./subfigure.sty
Package: subfigure 2002/03/15 v2.1.5 subfigure package
\subfigtopskip=\skip82
\subfigcapskip=\skip83
\subfigcaptopadj=\dimen181
\subfigbottomskip=\skip84
\subfigcapmargin=\dimen182
\subfiglabelskip=\skip85
\c@subfigure=\count326
\c@lofdepth=\count327
\c@subtable=\count328
\c@lotdepth=\count329

****************************************
* Local config file subfigure.cfg used *
****************************************
(./subfigure.cfg)
\subfig@top=\skip86
\subfig@bottom=\skip87
) (./makecell.sty
Package: makecell 2009/08/03 V0.1e Managing of Tab Column Heads and Cells
\rotheadsize=\dimen183
\c@nlinenum=\count330
\TeXr@lab=\toks38
)
\c@definition=\count331
\c@theorem=\count332
\c@lemma=\count333
)

LaTeX Warning: Unused global option(s):
    [headings].

(./BufferStockTheory.aux)
\openout1 = `BufferStockTheory.aux'.

LaTeX Font Info:    Checking defaults for OML/cmm/m/it on input line 112.
LaTeX Font Info:    ... okay on input line 112.
LaTeX Font Info:    Checking defaults for OMS/cmsy/m/n on input line 112.
LaTeX Font Info:    ... okay on input line 112.
LaTeX Font Info:    Checking defaults for OT1/cmr/m/n on input line 112.
LaTeX Font Info:    ... okay on input line 112.
LaTeX Font Info:    Checking defaults for T1/cmr/m/n on input line 112.
LaTeX Font Info:    ... okay on input line 112.
LaTeX Font Info:    Checking defaults for TS1/cmr/m/n on input line 112.
LaTeX Font Info:    ... okay on input line 112.
LaTeX Font Info:    Checking defaults for OMX/cmex/m/n on input line 112.
LaTeX Font Info:    ... okay on input line 112.
LaTeX Font Info:    Checking defaults for U/cmr/m/n on input line 112.
LaTeX Font Info:    ... okay on input line 112.
LaTeX Font Info:    Checking defaults for PD1/pdf/m/n on input line 112.
LaTeX Font Info:    ... okay on input line 112.
LaTeX Font Info:    Checking defaults for PU/pdf/m/n on input line 112.
LaTeX Font Info:    ... okay on input line 112.
Package scrbase Info: activating english \abstractname on input line 112.
Package scrbase Info: activating english \partname on input line 112.
Package scrbase Info: activating english \figurename on input line 112.
Package scrbase Info: activating english \tablename on input line 112.
Package scrbase Info: activating english \contentsname on input line 112.
Package scrbase Info: activating english \listfigurename on input line 112.
Package scrbase Info: activating english \listtablename on input line 112.
Package scrbase Info: activating english \refname on input line 112.
Package scrbase Info: activating english \indexname on input line 112.
 (./supp-pdf.mkii
[Loading MPS to PDF converter (version 2006.09.02).]
\scratchcounter=\count334
\scratchdimen=\dimen184
\scratchbox=\box65
\nofMPsegments=\count335
\nofMParguments=\count336
\everyMPshowfont=\toks39
\MPscratchCnt=\count337
\MPscratchDim=\dimen185
\MPnumerator=\count338
\makeMPintoPDFobject=\count339
\everyMPtoPDFconversion=\toks40
) (./epstopdf-base.sty
Package: epstopdf-base 2020-01-24 v2.11 Base part for package epstopdf
Package epstopdf-base Info: Redefining graphics rule for `.eps' on input line 4
85.
 (./epstopdf-sys.cfg
File: epstopdf-sys.cfg 2010/07/13 v1.3 Configuration of (r)epstopdf for TeX Liv
e
))
Package hyperref Info: Link coloring OFF on input line 112.
 (./BufferStockTheory.out)
(./BufferStockTheory.out)
\@outlinefile=\write3
\openout3 = `BufferStockTheory.out'.

Class scrartcl Info: loading recommended package `bookmark'.
(scrartcl)           Using `bookmark' together with `hyperref' is recommended,
(scrartcl)           because of handling of possible bookmark level gaps.
(scrartcl)           You can avoid loading `bookmark' with KOMA-Script option
(scrartcl)           `bookmarkpackage=false' before \begin{document} and
(scrartcl)           you can avoid this message adding:
(scrartcl)             \usepackage{bookmark}
(scrartcl)           before \begin{document} on input line 112.
 (./bookmark.sty
Package: bookmark 2023-12-10 v1.31 PDF bookmarks (HO)
 (./bkm-pdftex.def
File: bkm-pdftex.def 2023-12-10 v1.31 bookmark driver for pdfTeX and luaTeX (HO
)
\BKM@id=\count340
))
Package caption Info: Begin \AtBeginDocument code.
Package caption Info: rotating package is loaded.
Package caption Info: subfigure package is loaded.
Package caption Info: End \AtBeginDocument code.

(./Introduction.tex (./@resources/tex-add-search-paths.tex) (./.econtexRoot.tex
)
LaTeX Font Info:    Trying to load font information for U+msa on input line 71.

 (./umsa.fd
File: umsa.fd 2013/01/14 v3.01 AMS symbols A
)
LaTeX Font Info:    Trying to load font information for U+msb on input line 71.

 (./umsb.fd
File: umsb.fd 2013/01/14 v3.01 AMS symbols B
)
LaTeX Font Info:    Trying to load font information for U+wasy on input line 71
.
 (./uwasy.fd
File: uwasy.fd 2020/01/19 v2.4 Wasy-2 symbol font definitions
)
<@resources/econ-ark/PoweredByEconARK.pdf, id=7, 105.39375pt x 15.05624pt>
File: @resources/econ-ark/PoweredByEconARK.pdf Graphic file (type pdf)
<use @resources/econ-ark/PoweredByEconARK.pdf>
Package pdftex.def Info: @resources/econ-ark/PoweredByEconARK.pdf  used on inpu
t line 74.
(pdftex.def)             Requested size: 105.39348pt x 15.0562pt.
LaTeX Font Info:    Trying to load font information for T1+cmtt on input line 9
3.
 (./t1cmtt.fd
File: t1cmtt.fd 2023/04/13 v2.5m Standard LaTeX font definitions
) [1

{pdftex.map}{/usr/local/texlive/texmf-dist/fonts/enc/dvips/cm-super/cm-super-t1
.enc} <./@resources/econ-ark/PoweredByEconARK.pdf>]
LaTeX Font Info:    Trying to load font information for T1+cmss on input line 1
23.
 (./t1cmss.fd
File: t1cmss.fd 2023/04/13 v2.5m Standard LaTeX font definitions
) (./BufferStockTheory.toc
pdfTeX warning (ext4): destination with the same identifier (name{page.}) has b
een already used, duplicate ignored
<to be read again> 
                   \relax 
l.46 ...d Solution as a Limit}{54}{subsection.A.6}
                                                  % [2]

LaTeX Font Warning: Font shape `U/wasy/b/n' in size <8> not available
(Font)              Font shape `U/wasy/m/n' tried instead on input line 58.


LaTeX Font Warning: Font shape `U/wasy/b/n' in size <6> not available
(Font)              Font shape `U/wasy/m/n' tried instead on input line 58.

)
\tf@toc=\write4
\openout4 = `BufferStockTheory.toc'.


pdfTeX warning (ext4): destination with the same identifier (name{page.}) has b
een already used, duplicate ignored
<to be read again> 
                   \relax 
l.123 }
        % {Web} [3] (./BufferStockTheory.lof
LaTeX Font Info:    Trying to load font information for U+euf on input line 9.
 (./ueuf.fd
File: ueuf.fd 2013/01/14 v3.01 Euler Fraktur
))
\tf@lof=\write5
\openout5 = `BufferStockTheory.lof'.


(./BufferStockTheory.lot)
\tf@lot=\write6
\openout6 = `BufferStockTheory.lot'.


pdfTeX warning (ext4): destination with the same identifier (name{page.}) has b
een already used, duplicate ignored
<to be read again> 
                   \relax 
l.127 \hypertarget
                  {Introduction}{} [4] [1] [2] [3] [4])
(./BufferStockTheory-NoAppendix.tex (./@resources/tex-add-search-paths.tex)
(./.econtexRoot.tex) [5]
\verbatim@out=\write7
\openout7 = `Equations/supfn.tex'.

 (./Equations/supfn.tex
LaTeX Font Info:    Trying to load font information for U+eus on input line 3.
 (./ueus.fd
File: ueus.fd 2013/01/14 v3.01 Euler Script
))
\openout7 = `Equations/DBCparts.tex'.


(./Equations/DBCParts.tex) [6]
\openout7 = `Equations/TranShkDef.tex'.

 (./Equations/TranShkDef.tex
pdfTeX warning (ext4): destination with the same identifier (name{equation.2.2}
) has been already used, duplicate ignored
<to be read again> 
                   \relax 
l.1   \begin{equation}
                      
pdfTeX warning (ext4): destination with the same identifier (name{equation.2.2}
) has been already used, duplicate ignored
<to be read again> 
                   \relax 
l.1   \begin{equation}
                      
pdfTeX warning (ext4): destination with the same identifier (name{equation.2.2}
) has been already used, duplicate ignored
<to be read again> 
                   \relax 
l.1   \begin{equation}
                      
pdfTeX warning (ext4): destination with the same identifier (name{equation.2.2}
) has been already used, duplicate ignored
<to be read again> 
                   \relax 
l.1   \begin{equation}
                      ) [7] [8
pdfTeX warning (ext4): destination with the same identifier (name{equation.2.3}
) has been already used, duplicate ignored
<argument> ...shipout:D \box_use:N \l_shipout_box 
                                                  \__shipout_drop_firstpage_...
l.195 
      ] [9]

LaTeX Font Warning: Font shape `U/wasy/m/it' in size <12> not available
(Font)              Font shape `U/wasy/m/sl' tried instead on input line 253.


Underfull \hbox (badness 10000) in paragraph at lines 272--272
[][]\T1/cmr/m/n/6 See the
 []


Underfull \hbox (badness 10000) in paragraph at lines 272--272
\T1/cmr/m/n/6 dis-cus-sion
 []


Underfull \hbox (badness 10000) in paragraph at lines 272--272
\T1/cmr/m/n/6 in sec-tion
 []


Underfull \hbox (badness 10000) in paragraph at lines 272--272
[]\T1/cmr/m/n/6 [wher-ever][]
 []


Underfull \hbox (badness 10000) in paragraph at lines 272--272
\T1/cmr/m/n/6 for fur-ther
 []

[10] [11] [12] [13] [14]
pdfTeX warning (ext4): destination with the same identifier (name{MPCminDefn}) 
has been already used, duplicate ignored
<to be read again> 
                   \relax 
l.536 ...t{MPCmaxDefn}{}\hypertarget{MPCminDefn}{}
                                                   [15]
\openout7 = `./Equations/boundFunc.tex'.


(./Equations/boundFunc.tex) [16] [17] [18] [19]
Underfull \hbox (badness 10000) in paragraph at lines 826--826
[][]\T1/cmr/m/n/6 AS to CDC.
 []


Overfull \hbox (8.30453pt too wide) in paragraph at lines 826--826
\T1/cmr/m/n/6 providecommand"
 []


Underfull \hbox (badness 10000) in paragraph at lines 826--826
\T1/cmr/m/n/6 used prop-erly
 []

(./Figures/cNrmTargetFig.tex
<Figures/cNrmTargetFig.pdf, id=964, 867.24pt x 578.16pt>
File: Figures/cNrmTargetFig.pdf Graphic file (type pdf)
<use Figures/cNrmTargetFig.pdf>
Package pdftex.def Info: Figures/cNrmTargetFig.pdf  used on input line 14.
(pdftex.def)             Requested size: 433.62pt x 289.07928pt.
) [20 <./Figures/cNrmTargetFig.pdf>]
\openout7 = `Equations/TheoremMTargetIsStable.tex'.


(./Equations/TheoremMTargetIsStable.tex [21])

LaTeX Font Warning: Font shape `U/wasy/b/n' in size <7> not available
(Font)              Font shape `U/wasy/m/n' tried instead on input line 963.


LaTeX Font Warning: Font shape `U/wasy/b/n' in size <5> not available
(Font)              Font shape `U/wasy/m/n' tried instead on input line 963.

\openout7 = `Equations/TheoremMSSBalExists.tex'.

(./Equations/TheoremMSSBalExists.tex [22]
Label thm:MSSBalExists created
) (./Figures/GICModFailsButGICRawHolds.tex
<Figures/GICModFailsButGICRawHolds.pdf, id=1068, 867.24pt x 578.16pt>
File: Figures/GICModFailsButGICRawHolds.pdf Graphic file (type pdf)
<use Figures/GICModFailsButGICRawHolds.pdf>
Package pdftex.def Info: Figures/GICModFailsButGICRawHolds.pdf  used on input l
ine 3.
(pdftex.def)             Requested size: 433.62pt x 289.07928pt.
) [23] [24 <./Figures/GICModFailsButGICRawHolds.pdf>]
Underfull \hbox (badness 4316) in paragraph at lines 1149--1154
[][]\T1/cmr/m/n/12 Harmenberg[] [[]2021[]] sub-sti-tutes a clever change of pro
bability-measure into
 []


Underfull \hbox (badness 6173) in paragraph at lines 1160--1160
[][][]\T1/cmr/m/n/10 The Har-men-berg method is im-ple-mented in the []Econ-ARK
[]; see the last part of
 []

[25] [26] [27] [28] [29] (./Figures/cFuncsConverge.tex
<Figures/cFuncsConverge.pdf, id=1253, 867.24pt x 650.43pt>
File: Figures/cFuncsConverge.pdf Graphic file (type pdf)
<use Figures/cFuncsConverge.pdf>
Package pdftex.def Info: Figures/cFuncsConverge.pdf  used on input line 3.
(pdftex.def)             Requested size: 379.4175pt x 284.56242pt.
)
(./Figures/MPCLimits.tex
<Figures/MPCLimits.pdf, id=1262, 867.24pt x 578.16pt>
File: Figures/MPCLimits.pdf Graphic file (type pdf)
<use Figures/MPCLimits.pdf>
Package pdftex.def Info: Figures/MPCLimits.pdf  used on input line 3.
(pdftex.def)             Requested size: 433.62pt x 289.07928pt.
)
pdfTeX warning (ext4): destination with the same identifier (name{cFuncBounds})
 has been already used, duplicate ignored
<to be read again> 
                   \relax 
l.1427 \hypertarget{\figFile}{}
                                (./Figures/cFuncBounds.tex
<Figures/cFuncBounds.pdf, id=1263, 867.24pt x 578.16pt>
File: Figures/cFuncBounds.pdf Graphic file (type pdf)
<use Figures/cFuncBounds.pdf>
Package pdftex.def Info: Figures/cFuncBounds.pdf  used on input line 3.
(pdftex.def)             Requested size: 433.62pt x 289.07928pt.
) [30] [31 <./Figures/cFuncsConverge.pdf> <./Figures/MPCLimits.pdf

pdfTeX warning: pdflatex (file ./Figures/MPCLimits.pdf): PDF inclusion: multipl
e pdfs with page group included in a single page
>]
pdfTeX warning (ext4): destination with the same identifier (name{PFFVAC}) has 
been already used, duplicate ignored
<to be read again> 
                   \relax 
l.1452 ...rtarget{PFFVAC}{finite value of autarky}
                                                   (under perfect foresight)...

pdfTeX warning (ext4): destination with the same identifier (name{PFFVAC}) has 
been already used, duplicate ignored
<to be read again> 
                   \relax 
l.1452 ...rtarget{PFFVAC}{finite value of autarky}
                                                   is captured by the diagon...

pdfTeX warning (ext4): destination with the same identifier (name{FHWC}) has be
en already used, duplicate ignored
<to be read again> 
                   \relax 
l.1453 ... \hypertarget{FHWC}{finite human wealth}
                                                   ($\PermGroFac < \PermGroF...

pdfTeX warning (ext4): destination with the same identifier (name{PFFVAC}) has 
been already used, duplicate ignored
<to be read again> 
                   \relax 
l.1453 ...rfect-foresight-finite-value-of-autarky}
                                                  .
pdfTeX warning (ext4): destination with the same identifier (name{FHWC}) has be
en already used, duplicate ignored
<to be read again> 
                   \relax 
l.1454 ... \hypertarget{FHWC}{finite human wealth}
                                                   fails; but we can cancel ...

pdfTeX warning (ext4): destination with the same identifier (name{FHWC}) has be
en already used, duplicate ignored
<to be read again> 
                   \relax 
l.1455 ... \hypertarget{FHWC}{finite human wealth}
                                                   (and, redundantly, \hyper...

pdfTeX warning (ext4): destination with the same identifier (name{FHWC}) has be
en already used, duplicate ignored
<to be read again> 
                   \relax 
l.1455 ... \hypertarget{FHWC}{finite human wealth}
                                                   again) let us conclude th...
[32 <./Figures/cFuncBounds.pdf>] (./Figures/RelatePFGICFHWCRICPFFVAC.tex
<Figures/RelatePFGICFHWCRICPFFVAC.pdf, id=1372, 217.83984pt x 208.18378pt>
File: Figures/RelatePFGICFHWCRICPFFVAC.pdf Graphic file (type pdf)
<use Figures/RelatePFGICFHWCRICPFFVAC.pdf>
Package pdftex.def Info: Figures/RelatePFGICFHWCRICPFFVAC.pdf  used on input li
ne 4.
(pdftex.def)             Requested size: 361.34999pt x 345.3721pt.
)
[33] [34 <./Figures/RelatePFGICFHWCRICPFFVAC.pdf>]
pdfTeX warning (ext4): destination with the same identifier (name{PFFVAC}) has 
been already used, duplicate ignored
<to be read again> 
                   \relax 
l.1510 ...rtarget{PFFVAC}{finite value of autarky}
                                                   says yields finite value).
pdfTeX warning (ext4): destination with the same identifier (name{PFFVAC}) has 
been already used, duplicate ignored
<to be read again> 
                   \relax 
l.1511 ...m is also finite: \hypertarget{PFFVAC}{}
                                                   [35]
(./Tables/Parameters.tex
\TableWidth=\skip88
\Parameters=\box66
) (./Tables/Calibration.tex)
(./Figures/Inequalities.tex
<Figures/Inequalities.pdf, id=1594, 512.65729pt x 300.56392pt>
File: Figures/Inequalities.pdf Graphic file (type pdf)
<use Figures/Inequalities.pdf>
Package pdftex.def Info: Figures/Inequalities.pdf  used on input line 4.
(pdftex.def)             Requested size: 433.62pt x 254.23766pt.
) [36] [37] [38 <./Figures/Inequalities.pdf>]
[39] (./Tables/Comparison.tex
Label table:Comparison created

Overfull \vbox (10.50005pt too high) detected at line 57
 []


Overfull \vbox (10.50005pt too high) detected at line 57
 []


Overfull \vbox (18.92899pt too high) detected at line 57
 []

) (./Tables/Required.tex
Overfull \hbox (11.76836pt too wide) in paragraph at lines 60--61
[][] 
 []

) [40] [41] [42]) [43] (./Appendices/ApndxConcaveCFunc.tex
(./Appendices/@resources/tex-add-search-paths.tex) (./.econtexRoot.tex)
Label eq:vBold created
Label eq:probsequence created
[44]

Package hyperref Warning: Ignoring empty anchor on input line 87.

Label eq:FHWCandPFFVACimplyRIC created
Label eq:FHWCandPFFVACimplyRIC created

pdfTeX warning (ext4): destination with the same identifier (name{equation.A.47
}) has been already used, duplicate ignored
<to be read again> 
                   \relax 
l.99 \begin{equation}
                     \labelsafe{eq:GICandFHWCimplyPFFVAC}
pdfTeX warning (ext4): destination with the same identifier (name{equation.A.47
}) has been already used, duplicate ignored
<to be read again> 
                   \relax 
l.99 \begin{equation}
                     \labelsafe{eq:GICandFHWCimplyPFFVAC}
pdfTeX warning (ext4): destination with the same identifier (name{equation.A.47
}) has been already used, duplicate ignored
<to be read again> 
                   \relax 
l.99 \begin{equation}
                     \labelsafe{eq:GICandFHWCimplyPFFVAC}
pdfTeX warning (ext4): destination with the same identifier (name{equation.A.47
}) has been already used, duplicate ignored
<to be read again> 
                   \relax 
l.99 \begin{equation}
                     \labelsafe{eq:GICandFHWCimplyPFFVAC}
Label eq:GICandFHWCimplyPFFVAC created
Label eq:FHWCandPFFVACimplyRIC created
Label eq:FHWCandPFFVACimplyRIC created
[45]
Label lemm:consC2 created
Label eq:vfFrackdefn created
Label eq:consumptionf created
Label eq:derivativeConsFunc created

Overfull \hbox (4.3161pt too wide) in paragraph at lines 208--217
[]\T1/cmr/m/n/12 Finally, $\OT1/cmr/m/n/12 c[](\OML/cmm/m/it/12 m\OT1/cmr/m/n/1
2 )$ \T1/cmr/m/n/12 is dif-fer-en-tiable be-cause $\U/euf/m/n/12 v[]$ \T1/cmr/m
/n/12 is $\OT1/cmr/bx/n/12 C[]$\T1/cmr/m/n/12 , $\OT1/cmr/m/n/12 c[](\OML/cmm/m
/it/12 m\OT1/cmr/m/n/12 )$ \T1/cmr/m/n/12 is $\OT1/cmr/bx/n/12 C[]$ \T1/cmr/m/n
/12 and $\OT1/cmr/m/n/12 u[](c[](\OML/cmm/m/it/12 m\OT1/cmr/m/n/12 )) + \U/euf/
m/n/12 v[] [] \OML/cmm/m/it/12 <
 []

[46]
Label prop:vfc3 created
Label eq:eFuncEuler created
[47]
Label eq:eFuncEulerMPCmaxDCT created
Label eq:MPCminInvApndx created
Label eq:eFuncEulerMPCmax created
[48]
Label eq:MPSminDef created
Label eq:MPCmaxInvApndxIter created
Label eq:WRICapndx created
Label eq:MPCmaxDef created
[49
pdfTeX warning (ext4): destination with the same identifier (name{equation.A.64
}) has been already used, duplicate ignored
<argument> ...shipout:D \box_use:N \l_shipout_box 
                                                  \__shipout_drop_firstpage_...
l.426   \item w
               e have $\mathbb{B}\mathbf{0}\ in ~ \mathcal{C}_{\boundFunc }\...

pdfTeX warning (ext4): destination with the same identifier (name{equation.A.65
}) has been already used, duplicate ignored
<argument> ...shipout:D \box_use:N \l_shipout_box 
                                                  \__shipout_drop_firstpage_...
l.426   \item w
               e have $\mathbb{B}\mathbf{0}\ in ~ \mathcal{C}_{\boundFunc }\...
]
Label claim:MPCMAXKleq1 created
Label eq: MPCMAXKleq1 created
Label eq:condition1 created
Label eq:condition1 created
[50] (./Equations/boundFunc.tex) [51]
Label eq:KeyCondition created
[52] [53]
Label eq:convgcvftni created
Label eq:liqconstr created
[54]
Label eq:RestrEqUnrestr created
Label eq:vUnconstr created
Label eq:uPConstr created
Label eq:vFrakPrime created
[55
pdfTeX warning (ext4): destination with the same identifier (name{equation.A.81
}) has been already used, duplicate ignored
<argument> ...shipout:D \box_use:N \l_shipout_box 
                                                  \__shipout_drop_firstpage_...
l.734 ...\end{aligned}\end{gathered}\end{equation}
                                                  
pdfTeX warning (ext4): destination with the same identifier (name{equation.A.82
}) has been already used, duplicate ignored
<argument> ...shipout:D \box_use:N \l_shipout_box 
                                                  \__shipout_drop_firstpage_...
l.734 ...\end{aligned}\end{gathered}\end{equation}
                                                  ]
Label eq:uPUnconstr created
) (./Appendices/ApndxMTargetIsStable.tex (./Appendices/./.econtexRoot.tex)
[56
pdfTeX warning (ext4): destination with the same identifier (name{equation.A.82
}) has been already used, duplicate ignored
<argument> ...shipout:D \box_use:N \l_shipout_box 
                                                  \__shipout_drop_firstpage_...
l.31 \end{align*}
                 ]
Label eq:xttoinfty created
Label eq:xtp1toinfty created
Label eq:xtp1toinfty created
[57]
Label lemma:orderingPartOne created
Label eq:emgro created
Label eq:emgro created
[58{/usr/local/texlive/texmf-dist/fonts/enc/dvips/cm-super/cm-super-ts1.enc}]
Label eq:difNrmioEquiv created
Label eq:difNrmioEquiv created
Label eq:difFuncmNrmDecreases created
Label eq:difFuncmNrmDecreases created
[59]
Label eq:RbarBelowOne created
Label eq:RbarBelowOne created
[60]
Label eq:emgro2 created
Label eq:emgro2 created
Label eq:difLvlEquiv created
Label eq:difLvlEquiv created
Label eq:difFuncDecreases created
Label eq:difFuncDecreases created
[61]) (./Appendices/ApndxBalancedGrowthcNrmAndCov.tex
(./Appendices/@resources/tex-add-search-paths.tex) (./.econtexRoot.tex)
[62]
<Figures/logcNrm.pdf, id=2199, 433.62pt x 289.08pt>
File: Figures/logcNrm.pdf Graphic file (type pdf)
<use Figures/logcNrm.pdf>
Package pdftex.def Info: Figures/logcNrm.pdf  used on input line 33.
(pdftex.def)             Requested size: 289.07999pt x 192.72981pt.
<Figures/logcov.pdf, id=2200, 433.62pt x 289.08pt>
File: Figures/logcov.pdf Graphic file (type pdf)
<use Figures/logcov.pdf>
Package pdftex.def Info: Figures/logcov.pdf  used on input line 40.
(pdftex.def)             Requested size: 289.07999pt x 192.72981pt.
) (./Appendices/ApndxLiqConstr.tex
(./Appendices/@resources/tex-add-search-paths.tex) (./.econtexRoot.tex)
\TableWidth=\skip89

[63 <./Figures/logcNrm.pdf> <./Figures/logcov.pdf

pdfTeX warning: pdflatex (file ./Figures/logcov.pdf): PDF inclusion: multiple p
dfs with page group included in a single page
>]
Label eq:IBCFinite created
Label eq:IBCFinite created
Label eq:HDefAppx created
Label eq:HDefAppx created
Label eq:WDef created
Label eq:WDef created
[64
pdfTeX warning (ext4): destination with the same identifier (name{equation.D.92
}) has been already used, duplicate ignored
<argument> ...shipout:D \box_use:N \l_shipout_box 
                                                  \__shipout_drop_firstpage_...
l.76 \end{align}
                ]
pdfTeX warning (ext4): destination with the same identifier (name{MPCminDefn}) 
has been already used, duplicate ignored
<to be read again> 
                   \relax 
l.77 ...mption function:\hypertarget{MPCminDefn}{}
                                                  
Label eq:cFuncPFUncAppx created
Label eq:cFuncPFUncAppx created
(./Tables/LiqConstrScenarios.tex
\LiqConstrScenarios=\box67
)
Label eq:EulerGICRawFailsEnd created
[65]
\TableWidth=\skip90
 [66
pdfTeX warning (ext4): destination with the same identifier (name{equation.D.96
}) has been already used, duplicate ignored
<argument> ...shipout:D \box_use:N \l_shipout_box 
                                                  \__shipout_drop_firstpage_...
l.194 \subsection
                 {If {GIC}~Holds}]
Label eq:cPreHist created
Label PDVc created
Label eq:bPound created
[67
pdfTeX warning (ext4): destination with the same identifier (name{equation.D.99
}) has been already used, duplicate ignored
<argument> ...shipout:D \box_use:N \l_shipout_box 
                                                  \__shipout_drop_firstpage_...
l.234 \end{aligned}\end{gathered}\end{equation}
                                               ]
Label eq:bToInfty created
[68]
Label eq:FHWCfails created
Label eq:MPCConstrLim created
[69
pdfTeX warning (ext4): destination with the same identifier (name{equation.D.10
3}) has been already used, duplicate ignored
<argument> ...shipout:D \box_use:N \l_shipout_box 
                                                  \__shipout_drop_firstpage_...
l.330 \end{eqnarray}
                    ] (./Figures/PFGICHoldsFHWCFailsRICFails.tex
<Figures/PFGICHoldsFHWCFailsRICFails.pdf, id=2420, 578.16pt x 289.08pt>
File: Figures/PFGICHoldsFHWCFailsRICFails.pdf Graphic file (type pdf)
<use Figures/PFGICHoldsFHWCFailsRICFails.pdf>
Package pdftex.def Info: Figures/PFGICHoldsFHWCFailsRICFails.pdf  used on input
 line 3.
(pdftex.def)             Requested size: 433.62pt x 216.80946pt.
) [70])
(./Appendices/ApndxConditionDiagrams.tex
(./Appendices/@resources/tex-add-search-paths.tex) (./.econtexRoot.tex)
<Figures/InequalityPFGICFHWCRIC.pdf, id=2437, 283.28032pt x 143.1729pt>
File: Figures/InequalityPFGICFHWCRIC.pdf Graphic file (type pdf)
<use Figures/InequalityPFGICFHWCRIC.pdf>
Package pdftex.def Info: Figures/InequalityPFGICFHWCRIC.pdf  used on input line
 25.
(pdftex.def)             Requested size: 289.07999pt x 146.11742pt.

[71 <./Figures/PFGICHoldsFHWCFailsRICFails.pdf>] [72 <./Figures/InequalityPFGIC
FHWCRIC.pdf>]
File: Figures/Inequalities.pdf Graphic file (type pdf)
<use Figures/Inequalities.pdf>
Package pdftex.def Info: Figures/Inequalities.pdf  used on input line 88.
(pdftex.def)             Requested size: 433.62pt x 254.23766pt.
<Figures/Inequalities-numer.pdf, id=2579, 518.83136pt x 297.45229pt>
File: Figures/Inequalities-numer.pdf Graphic file (type pdf)
<use Figures/Inequalities-numer.pdf>
Package pdftex.def Info: Figures/Inequalities-numer.pdf  used on input line 96.

(pdftex.def)             Requested size: 433.62pt x 248.60551pt.
 [73
pdfTeX warning (ext4): destination with the same identifier (name{equation.E.10
9}) has been already used, duplicate ignored
<argument> ...shipout:D \box_use:N \l_shipout_box 
                                                  \__shipout_drop_firstpage_...
l.99 
     ]) (./Appendices/ApndxSupportingAnalysis.tex
(./Appendices/@resources/tex-add-search-paths.tex) (./.econtexRoot.tex)
[74] [75 <./Figures/Inequalities-numer.pdf>]) [76]
File /usr/local/texlive/texmf-local/bibtex/bib/system.bib is not empty
econark-multibib: File system.bib found
File BufferStockTheory-Add-Refs.bib is empty
econark-multibib: File BufferStockTheory-Add-Refs.bib not found
File BufferStockTheory.bib is not empty
econark-multibib: File BufferStockTheory.bib found
econark-multibib: References in default global system.bib will be used for item
s not found in BufferStockTheory.bib
bibliography{BufferStockTheory,system}
(./BufferStockTheory.bbl
Underfull \hbox (badness 3780) in paragraph at lines 101--105
[]\T1/cmr/m/n/12 Christo-pher D. Car-roll and Miles S. Kim-ball.  On the Con-ca
v-ity of the
 []

[77]
Underfull \hbox (badness 10000) in paragraph at lines 107--114
\T1/cmtt/m/n/12 / / www . econ2 . jhu . edu / people / ccarroll / papers / Palg
ravePrecautionary . pdf$[]\T1/cmr/m/n/12 .
 []


Overfull \hbox (23.7177pt too wide) in paragraph at lines 107--114
[]$\T1/cmtt/m/n/12 https : / / www . econ2 . jhu . edu / people / ccarroll / pa
pers / PalgravePrecautionary . pdf$[]\T1/cmr/m/n/12 . 
 []


Underfull \hbox (badness 6173) in paragraph at lines 116--124
[]\T1/cmr/m/n/12 Christopher D. Car-roll and An-drew A. Samwick.  The Na-ture o
f Pre-
 []


Underfull \hbox (badness 7415) in paragraph at lines 116--124
\T1/cmr/m/n/12 cau-tion-ary Wealth.  |   []   |   []   |   []   |   [], 40(1):4
1--71, sep
 []


Underfull \hbox (badness 5105) in paragraph at lines 164--169
[]\T1/cmr/m/n/12 Angus S. Deaton.  Sav-ing and liq-uid-ity con-straints.  |   [
], 59:
 []


Underfull \hbox (badness 3803) in paragraph at lines 164--169
\T1/cmr/m/n/12 1221--1248, 1991.  URL []$\T1/cmtt/m/n/12 http : / / www . jstor
 . org / stable / 2938366$[]\T1/cmr/m/n/12 .  []$\T1/cmtt/m/n/12 https :
 []

[78]
Underfull \hbox (badness 4391) in paragraph at lines 200--209
[]\T1/cmr/m/n/12 Karl Har-men-berg.  Agg-re-gat-ing hetero-gen-eous-agent mod-e
ls with per-manent
 []


Underfull \hbox (badness 3068) in paragraph at lines 200--209
\T1/cmr/m/n/12 in-come shocks.  |   []   |   []   |   []   |   []   |   []   | 
  [], 129:104185,
 []


Underfull \hbox (badness 3098) in paragraph at lines 200--209
\T1/cmr/m/n/12 2021.  ISSN 0165-1889.  doi: $10 . 1016 / j . jedc . 2021 . 1041
85$.  URL []$\T1/cmtt/m/n/12 https :
 []


Underfull \hbox (badness 10000) in paragraph at lines 217--222
[]\T1/cmr/m/n/12 Lutz Hen-dricks.  Wealth dis-tri-bu-tion and be-quests.  |   [
]
 []


Underfull \hbox (badness 10000) in paragraph at lines 217--222
|   []   |   []   |   []   |   []   |   []   |   []   |   []\T1/cmr/m/n/12 , 20
16.  URL
 []


Overfull \hbox (112.14659pt too wide) in paragraph at lines 236--241
\T1/cmtt/m/n/12 / / www . artsrn . ualberta . ca / econweb / hryshko / Papers /
 HryshkoManovskii-[]how-[]much-[]aug25-[]2020 . pdf$[]\T1/cmr/m/n/12 . 
 []

[79] [80]
Underfull \hbox (badness 10000) in paragraph at lines 422--429
\T1/cmtt/m/n/12 / / www . personal . ceu . hu / staff / Adam _ Szeidl / papers 
/ invariant _ revision . pdf$[]\T1/cmr/m/n/12 .
 []

) [81] [82] (./BufferStockTheory.aux)
 ***********
LaTeX2e <2023-11-01> patch level 1
L3 programming layer <2020/03/25>
 ***********
\snap@out=\write8
\openout8 = `BufferStockTheory.dep'.


Dependency list written on BufferStockTheory.dep.
Package rerunfilecheck Info: File `BufferStockTheory.out' has not changed.
(rerunfilecheck)             Checksum: D41D8CD98F00B204E9800998ECF8427E;0.
 ) 
Here is how much of TeX's memory you used:
 25663 strings out of 474122
 477822 string characters out of 5746461
 1973187 words of memory out of 5000000
 46852 multiletter control sequences out of 15000+600000
 609191 words of font info for 178 fonts, out of 8000000 for 9000
 1141 hyphenation exceptions out of 8191
 122i,28n,121p,10913b,967s stack positions out of 10000i,1000n,20000p,200000b,200000s

pdfTeX warning (dest): name{WRPFacDefn} has been referenced but does not exist,
 replaced by a fixed one


pdfTeX warning (dest): name{Uncertainty-Modified-Conditions} has been reference
d but does not exist, replaced by a fixed one


pdfTeX warning (dest): name{PFBProofs} has been referenced but does not exist, 
replaced by a fixed one


pdfTeX warning (dest): name{RPFacDefn} has been referenced but does not exist, 
replaced by a fixed one


pdfTeX warning (dest): name{uInvEuPermShk} has been referenced but does not exi
st, replaced by a fixed one


pdfTeX warning (dest): name{PermGroFacAdj} has been referenced but does not exi
st, replaced by a fixed one


pdfTeX warning (dest): name{InvEPermShkEInv} has been referenced but does not e
xist, replaced by a fixed one


pdfTeX warning (dest): name{VAFacDefn} has been referenced but does not exist, 
replaced by a fixed one


pdfTeX warning (dest): name{Definition-of-a-Nondegenerate-Solution} has been re
ferenced but does not exist, replaced by a fixed one


pdfTeX warning (dest): name{APF} has been referenced but does not exist, replac
ed by a fixed one


pdfTeX warning (dest): name{APFacDefn} has been referenced but does not exist, 
replaced by a fixed one


pdfTeX warning (dest): name{GIC} has been referenced but does not exist, replac
ed by a fixed one


pdfTeX warning (dest): name{Hfootnote.1} has been referenced but does not exist
, replaced by a fixed one

</usr/local/texlive/texmf-dist/fonts/type1/public/amsfonts/cm/cmbx12.pfb></usr/
local/texlive/texmf-dist/fonts/type1/public/amsfonts/cm/cmbxti10.pfb></usr/loca
l/texlive/texmf-dist/fonts/type1/public/amsfonts/cm/cmex10.pfb></usr/local/texl
ive/texmf-dist/fonts/type1/public/amsfonts/cm/cmmi10.pfb></usr/local/texlive/te
xmf-dist/fonts/type1/public/amsfonts/cm/cmmi12.pfb></usr/local/texlive/texmf-di
st/fonts/type1/public/amsfonts/cm/cmmi5.pfb></usr/local/texlive/texmf-dist/font
s/type1/public/amsfonts/cm/cmmi6.pfb></usr/local/texlive/texmf-dist/fonts/type1
/public/amsfonts/cm/cmmi7.pfb></usr/local/texlive/texmf-dist/fonts/type1/public
/amsfonts/cm/cmmi8.pfb></usr/local/texlive/texmf-dist/fonts/type1/public/amsfon
ts/cm/cmmi9.pfb></usr/local/texlive/texmf-dist/fonts/type1/public/amsfonts/cm/c
mr10.pfb></usr/local/texlive/texmf-dist/fonts/type1/public/amsfonts/cm/cmr12.pf
b></usr/local/texlive/texmf-dist/fonts/type1/public/amsfonts/cm/cmr17.pfb></usr
/local/texlive/texmf-dist/fonts/type1/public/amsfonts/cm/cmr6.pfb></usr/local/t
exlive/texmf-dist/fonts/type1/public/amsfonts/cm/cmr7.pfb></usr/local/texlive/t
exmf-dist/fonts/type1/public/amsfonts/cm/cmr8.pfb></usr/local/texlive/texmf-dis
t/fonts/type1/public/amsfonts/cm/cmr9.pfb></usr/local/texlive/texmf-dist/fonts/
type1/public/amsfonts/cm/cmss10.pfb></usr/local/texlive/texmf-dist/fonts/type1/
public/amsfonts/cm/cmss12.pfb></usr/local/texlive/texmf-dist/fonts/type1/public
/amsfonts/cm/cmss17.pfb></usr/local/texlive/texmf-dist/fonts/type1/public/amsfo
nts/cm/cmss8.pfb></usr/local/texlive/texmf-dist/fonts/type1/public/amsfonts/cm/
cmsy10.pfb></usr/local/texlive/texmf-dist/fonts/type1/public/amsfonts/cm/cmsy6.
pfb></usr/local/texlive/texmf-dist/fonts/type1/public/amsfonts/cm/cmsy7.pfb></u
sr/local/texlive/texmf-dist/fonts/type1/public/amsfonts/cm/cmsy8.pfb></usr/loca
l/texlive/texmf-dist/fonts/type1/public/amsfonts/cm/cmsy9.pfb></usr/local/texli
ve/texmf-dist/fonts/type1/public/amsfonts/cm/cmti12.pfb></usr/local/texlive/tex
mf-dist/fonts/type1/public/amsfonts/euler/eufm10.pfb></usr/local/texlive/texmf-
dist/fonts/type1/public/amsfonts/euler/eusm10.pfb></usr/local/texlive/texmf-dis
t/fonts/type1/public/amsfonts/latxfont/line10.pfb></usr/local/texlive/texmf-dis
t/fonts/type1/public/amsfonts/symbols/msbm10.pfb></usr/local/texlive/texmf-dist
/fonts/type1/public/cm-super/sfbi1200.pfb></usr/local/texlive/texmf-dist/fonts/
type1/public/cm-super/sfbx1095.pfb></usr/local/texlive/texmf-dist/fonts/type1/p
ublic/cm-super/sfbx1200.pfb></usr/local/texlive/texmf-dist/fonts/type1/public/c
m-super/sfbx1728.pfb></usr/local/texlive/texmf-dist/fonts/type1/public/cm-super
/sfbx2074.pfb></usr/local/texlive/texmf-dist/fonts/type1/public/cm-super/sfbx24
88.pfb></usr/local/texlive/texmf-dist/fonts/type1/public/cm-super/sfrm0600.pfb>
</usr/local/texlive/texmf-dist/fonts/type1/public/cm-super/sfrm0800.pfb></usr/l
ocal/texlive/texmf-dist/fonts/type1/public/cm-super/sfrm1000.pfb></usr/local/te
xlive/texmf-dist/fonts/type1/public/cm-super/sfrm1095.pfb></usr/local/texlive/t
exmf-dist/fonts/type1/public/cm-super/sfrm1200.pfb></usr/local/texlive/texmf-di
st/fonts/type1/public/cm-super/sfrm1440.pfb></usr/local/texlive/texmf-dist/font
s/type1/public/cm-super/sfrm2074.pfb></usr/local/texlive/texmf-dist/fonts/type1
/public/cm-super/sfrm2488.pfb></usr/local/texlive/texmf-dist/fonts/type1/public
/cm-super/sfsl1200.pfb></usr/local/texlive/texmf-dist/fonts/type1/public/cm-sup
er/sfsx1200.pfb></usr/local/texlive/texmf-dist/fonts/type1/public/cm-super/sfti
0600.pfb></usr/local/texlive/texmf-dist/fonts/type1/public/cm-super/sfti0800.pf
b></usr/local/texlive/texmf-dist/fonts/type1/public/cm-super/sfti1000.pfb></usr
/local/texlive/texmf-dist/fonts/type1/public/cm-super/sfti1200.pfb></usr/local/
texlive/texmf-dist/fonts/type1/public/cm-super/sftt0800.pfb></usr/local/texlive
/texmf-dist/fonts/type1/public/cm-super/sftt1000.pfb></usr/local/texlive/texmf-
dist/fonts/type1/public/cm-super/sftt1200.pfb></usr/local/texlive/texmf-dist/fo
nts/type1/public/wasy-type1/wasy10.pfb></usr/local/texlive/texmf-dist/fonts/typ
e1/public/wasy-type1/wasy6.pfb></usr/local/texlive/texmf-dist/fonts/type1/publi
c/wasy-type1/wasy7.pfb></usr/local/texlive/texmf-dist/fonts/type1/public/wasy-t
ype1/wasy8.pfb></usr/local/texlive/texmf-dist/fonts/type1/public/wasy-type1/was
y9.pfb></usr/local/texlive/texmf-dist/fonts/type1/public/wasy-type1/wasyb10.pfb
></usr/local/texlive/texmf-dist/fonts/type1/public/wasy-type1/wasysl10.pfb>
Output written on BufferStockTheory.pdf (86 pages, 1774167 bytes).
PDF statistics:
 3190 PDF objects out of 3580 (max. 8388607)
 2755 compressed objects within 28 object streams
 591 named destinations out of 1000 (max. 500000)
 546 words of extra memory for PDF output out of 10000 (max. 10000000)

